<?xml version="1.0" encoding="UTF-8"?>
<!-- Generated by org.testng.reporters.JUnitReportReporter -->
<testsuite hostname="DESKTOP-C7ALN6B" failures="0" tests="6" name="com.qc.tests.RegisterTest" time="5.764" errors="0" timestamp="2024-01-06T09:35:32 IST" skipped="0">
  <testcase classname="com.qc.tests.RegisterTest" name="doRegister" time="0.770"/>
  <system-out/>
  <testcase classname="com.qc.tests.RegisterTest" name="doRegister" time="0.908"/>
  <system-out/>
  <testcase classname="com.qc.tests.RegisterTest" name="doRegister" time="0.865"/>
  <system-out/>
  <testcase classname="com.qc.tests.RegisterTest" name="doRegister" time="1.301"/>
  <system-out/>
  <testcase classname="com.qc.tests.RegisterTest" name="doRegister" time="0.869"/>
  <system-out/>
  <testcase classname="com.qc.tests.RegisterTest" name="doRegister" time="1.051"/>
  <system-out/>
</testsuite> <!-- com.qc.tests.RegisterTest -->
