<?xml version="1.0" encoding="UTF-8"?>
<!-- Generated by org.testng.reporters.JUnitReportReporter -->
<testsuite hostname="DESKTOP-C7ALN6B" failures="0" tests="7" name="com.qc.tests.LoginTest" time="4.597" errors="0" timestamp="2024-01-06T09:35:32 IST" skipped="0">
  <testcase classname="com.qc.tests.LoginTest" name="doLogin" time="0.919"/>
  <system-out/>
  <testcase classname="com.qc.tests.LoginTest" name="doLogin" time="0.453"/>
  <system-out/>
  <testcase classname="com.qc.tests.LoginTest" name="doLogin" time="0.553"/>
  <system-out/>
  <testcase classname="com.qc.tests.LoginTest" name="doLogin" time="0.480"/>
  <system-out/>
  <testcase classname="com.qc.tests.LoginTest" name="doLogin" time="0.499"/>
  <system-out/>
  <testcase classname="com.qc.tests.LoginTest" name="doLogin" time="0.563"/>
  <system-out/>
  <testcase classname="com.qc.tests.LoginTest" name="doLogin" time="1.130"/>
  <system-out/>
</testsuite> <!-- com.qc.tests.LoginTest -->
